<?xml version="1.0" encoding="UTF-8"?>
<testng-results ignored="0" total="1" passed="1" failed="0" skipped="0">
  <reporter-output>
  </reporter-output>
  <suite started-at="2023-07-06T15:35:06 IST" name="Default suite" finished-at="2023-07-06T15:35:18 IST" duration-ms="11259">
    <groups>
    </groups>
    <test started-at="2023-07-06T15:35:06 IST" name="Default test" finished-at="2023-07-06T15:35:18 IST" duration-ms="11259">
      <class name="WebApp_july.OHLoginJuly">
        <test-method signature="verifytitle()[pri:0, instance:WebApp_july.OHLoginJuly@b9b00e0]" started-at="2023-07-06T15:35:06 IST" name="verifytitle" finished-at="2023-07-06T15:35:18 IST" duration-ms="11209" status="PASS">
          <reporter-output>
          </reporter-output>
        </test-method> <!-- verifytitle -->
      </class> <!-- WebApp_july.OHLoginJuly -->
    </test> <!-- Default test -->
  </suite> <!-- Default suite -->
</testng-results>
